#
# There is insufficient memory for the Java Runtime Environment to continue.
# Native memory allocation (mmap) failed to map 255852544 bytes for Failed to commit area from 0x000000070c000000 to 0x000000071b400000 of length 255852544.
# Possible reasons:
#   The system is out of physical RAM or swap space
#   The process is running with CompressedOops enabled, and the Java Heap may be blocking the growth of the native heap
# Possible solutions:
#   Reduce memory load on the system
#   Increase physical memory or swap space
#   Check if swap backing store is full
#   Decrease Java heap size (-Xmx/-Xms)
#   Decrease number of Java threads
#   Decrease Java thread stack sizes (-Xss)
#   Set larger code cache with -XX:ReservedCodeCacheSize=
# This output file may be truncated or incomplete.
#
#  Out of Memory Error (os_windows.cpp:3386), pid=12044, tid=12084
#
# JRE version:  (11.0.20+8) (build )
# Java VM: OpenJDK 64-Bit Server VM (11.0.20+8-LTS, mixed mode, sharing, tiered, compressed oops, g1 gc, windows-amd64)
# No core dump will be written. Minidumps are not enabled by default on client versions of Windows
#

---------------  S U M M A R Y ------------

Command Line: -Dfile.encoding=utf8 c:\Users\supri\.vscode\extensions\vscjava.vscode-gradle-3.13.5\lib\gradle-language-server.jar

Host: AMD Ryzen 7 6800H with Radeon Graphics         , 16 cores, 15G,  Windows 11 , 64 bit Build 22621 (10.0.22621.2506)
Time: Wed Dec 20 21:10:23 2023 Nepal Standard Time elapsed time: 0.024294 seconds (0d 0h 0m 0s)

---------------  T H R E A D  ---------------

Current thread (0x000002736f317800):  JavaThread "Unknown thread" [_thread_in_vm, id=12084, stack(0x000000a3a0f00000,0x000000a3a1000000)]

Stack: [0x000000a3a0f00000,0x000000a3a1000000]
Native frames: (J=compiled Java code, j=interpreted, Vv=VM code, C=native code)
V  [jvm.dll+0x62e9da]
V  [jvm.dll+0x7bc4e9]
V  [jvm.dll+0x7bdbd8]
V  [jvm.dll+0x7be2b3]
V  [jvm.dll+0x2505a8]
V  [jvm.dll+0x62bcea]
V  [jvm.dll+0x6202a5]
V  [jvm.dll+0x30decc]
V  [jvm.dll+0x30dd52]
V  [jvm.dll+0x312a66]
V  [jvm.dll+0x358b0f]
V  [jvm.dll+0x358540]
V  [jvm.dll+0x2eae38]
V  [jvm.dll+0x2ebf96]
V  [jvm.dll+0x7962f7]
V  [jvm.dll+0x797a7f]
V  [jvm.dll+0x365879]
V  [jvm.dll+0x779130]
V  [jvm.dll+0x3d4c1f]
V  [jvm.dll+0x3d6fb1]
C  [jli.dll+0x5227]
C  [ucrtbase.dll+0x29363]
C  [KERNEL32.DLL+0x1257d]
C  [ntdll.dll+0x5aa58]


---------------  P R O C E S S  ---------------

Threads class SMR info:
_java_thread_list=0x000002736d1a4180, length=0, elements={
}

Java Threads: ( => current thread )

Other Threads:
  0x000002736f331000 GCTaskThread "GC Thread#0" [stack: 0x000000a3a1000000,0x000000a3a1100000] [id=9260]
  0x000002736f38c000 ConcurrentGCThread "G1 Main Marker" [stack: 0x000000a3a1100000,0x000000a3a1200000] [id=2960]
  0x000002736f38d800 ConcurrentGCThread "G1 Conc#0" [stack: 0x000000a3a1200000,0x000000a3a1300000] [id=15860]

[error occurred during error reporting (printing all threads), id 0xc0000005, EXCEPTION_ACCESS_VIOLATION (0xc0000005) at pc=0x00007ffa551aa677]

VM state:not at safepoint (not fully initialized)

VM Mutex/Monitor currently owned by a thread:  ([mutex/lock_event])
[0x000002736f312c80] Heap_lock - owner thread: 0x000002736f317800

Heap address: 0x000000070c000000, size: 3904 MB, Compressed Oops mode: Non-zero based: 0x000000070c000000
Narrow klass base: 0x0000000000000000, Narrow klass shift: 0

GC Heap History (0 events):
No events

Deoptimization events (0 events):
No events

Classes redefined (0 events):
No events

Internal exceptions (0 events):
No events

Events (1 events):
Event: 0.016 Loaded shared library C:\Program Files\Microsoft\jdk-11.0.20.8-hotspot\bin\zip.dll


Dynamic libraries:
0x00007ff62eb20000 - 0x00007ff62eb2d000 	C:\Program Files\Microsoft\jdk-11.0.20.8-hotspot\bin\java.exe
0x00007ffabe910000 - 0x00007ffabeb27000 	C:\Windows\SYSTEM32\ntdll.dll
0x00007ffabd240000 - 0x00007ffabd304000 	C:\Windows\System32\KERNEL32.DLL
0x00007ffabbfd0000 - 0x00007ffabc375000 	C:\Windows\System32\KERNELBASE.dll
0x00007ffabc380000 - 0x00007ffabc491000 	C:\Windows\System32\ucrtbase.dll
0x00007ffaac780000 - 0x00007ffaac797000 	C:\Program Files\Microsoft\jdk-11.0.20.8-hotspot\bin\jli.dll
0x00007ffabd7d0000 - 0x00007ffabd97e000 	C:\Windows\System32\USER32.dll
0x00007ffaabcf0000 - 0x00007ffaabd05000 	C:\Program Files\Microsoft\jdk-11.0.20.8-hotspot\bin\VCRUNTIME140.dll
0x00007ffabbdc0000 - 0x00007ffabbde6000 	C:\Windows\System32\win32u.dll
0x00007ffabd070000 - 0x00007ffabd099000 	C:\Windows\System32\GDI32.dll
0x00007ffaa8cd0000 - 0x00007ffaa8f63000 	C:\Windows\WinSxS\amd64_microsoft.windows.common-controls_6595b64144ccf1df_6.0.22621.2506_none_270c5ae97388e100\COMCTL32.dll
0x00007ffabc540000 - 0x00007ffabc659000 	C:\Windows\System32\gdi32full.dll
0x00007ffabde50000 - 0x00007ffabdef7000 	C:\Windows\System32\msvcrt.dll
0x00007ffabc4a0000 - 0x00007ffabc53a000 	C:\Windows\System32\msvcp_win.dll
0x00007ffabd030000 - 0x00007ffabd061000 	C:\Windows\System32\IMM32.DLL
0x00007ffa6c870000 - 0x00007ffa6c90b000 	C:\Program Files\Microsoft\jdk-11.0.20.8-hotspot\bin\msvcp140.dll
0x00007ffa54eb0000 - 0x00007ffa55a46000 	C:\Program Files\Microsoft\jdk-11.0.20.8-hotspot\bin\server\jvm.dll
0x00007ffabd710000 - 0x00007ffabd7c1000 	C:\Windows\System32\ADVAPI32.dll
0x00007ffabdda0000 - 0x00007ffabde46000 	C:\Windows\System32\sechost.dll
0x00007ffabc800000 - 0x00007ffabc917000 	C:\Windows\System32\RPCRT4.dll
0x00007ffabe8c0000 - 0x00007ffabe8c8000 	C:\Windows\System32\PSAPI.DLL
0x00007ffab7460000 - 0x00007ffab7469000 	C:\Windows\SYSTEM32\WSOCK32.dll
0x00007ffabd980000 - 0x00007ffabd9f1000 	C:\Windows\System32\WS2_32.dll
0x00007ffab5030000 - 0x00007ffab5064000 	C:\Windows\SYSTEM32\WINMM.dll
0x00007ffab4b10000 - 0x00007ffab4b1a000 	C:\Windows\SYSTEM32\VERSION.dll
0x00007ffabad40000 - 0x00007ffabad58000 	C:\Windows\SYSTEM32\kernel.appcore.dll
0x00007ffaaf520000 - 0x00007ffaaf530000 	C:\Program Files\Microsoft\jdk-11.0.20.8-hotspot\bin\verify.dll
0x00007ffab26d0000 - 0x00007ffab2903000 	C:\Windows\SYSTEM32\DBGHELP.DLL
0x00007ffabda00000 - 0x00007ffabdd89000 	C:\Windows\System32\combase.dll
0x00007ffabc920000 - 0x00007ffabc9f7000 	C:\Windows\System32\OLEAUT32.dll
0x00007ffaaf550000 - 0x00007ffaaf582000 	C:\Windows\SYSTEM32\dbgcore.DLL
0x00007ffabbd40000 - 0x00007ffabbdba000 	C:\Windows\System32\bcryptPrimitives.dll
0x00007ffa96960000 - 0x00007ffa96988000 	C:\Program Files\Microsoft\jdk-11.0.20.8-hotspot\bin\java.dll
0x00007ffaaf3d0000 - 0x00007ffaaf3da000 	C:\Program Files\Microsoft\jdk-11.0.20.8-hotspot\bin\jimage.dll
0x00007ffaabc60000 - 0x00007ffaabc78000 	C:\Program Files\Microsoft\jdk-11.0.20.8-hotspot\bin\zip.dll

dbghelp: loaded successfully - version: 4.0.5 - missing functions: none
symbol engine: initialized successfully - sym options: 0x614 - pdb path: .;C:\Program Files\Microsoft\jdk-11.0.20.8-hotspot\bin;C:\Windows\SYSTEM32;C:\Windows\WinSxS\amd64_microsoft.windows.common-controls_6595b64144ccf1df_6.0.22621.2506_none_270c5ae97388e100;C:\Program Files\Microsoft\jdk-11.0.20.8-hotspot\bin\server

VM Arguments:
jvm_args: -Dfile.encoding=utf8 
java_command: c:\Users\supri\.vscode\extensions\vscjava.vscode-gradle-3.13.5\lib\gradle-language-server.jar
java_class_path (initial): c:\Users\supri\.vscode\extensions\vscjava.vscode-gradle-3.13.5\lib\gradle-language-server.jar
Launcher Type: SUN_STANDARD

[Global flags]
     intx CICompilerCount                          = 12                                        {product} {ergonomic}
     uint ConcGCThreads                            = 3                                         {product} {ergonomic}
     uint G1ConcRefinementThreads                  = 13                                        {product} {ergonomic}
   size_t G1HeapRegionSize                         = 1048576                                   {product} {ergonomic}
    uintx GCDrainStackTargetSize                   = 64                                        {product} {ergonomic}
   size_t InitialHeapSize                          = 255852544                                 {product} {ergonomic}
   size_t MarkStackSize                            = 4194304                                   {product} {ergonomic}
   size_t MaxHeapSize                              = 4093640704                                {product} {ergonomic}
   size_t MinHeapDeltaBytes                        = 1048576                                   {product} {ergonomic}
    uintx NonNMethodCodeHeapSize                   = 7594288                                {pd product} {ergonomic}
    uintx NonProfiledCodeHeapSize                  = 122031976                              {pd product} {ergonomic}
    uintx ProfiledCodeHeapSize                     = 122031976                              {pd product} {ergonomic}
    uintx ReservedCodeCacheSize                    = 251658240                              {pd product} {ergonomic}
     bool SegmentedCodeCache                       = true                                      {product} {ergonomic}
     bool UseCompressedClassPointers               = true                                 {lp64_product} {ergonomic}
     bool UseCompressedOops                        = true                                 {lp64_product} {ergonomic}
     bool UseG1GC                                  = true                                      {product} {ergonomic}
     bool UseLargePagesIndividualAllocation        = false                                  {pd product} {ergonomic}

Logging:
Log output configuration:
 #0: stdout all=warning uptime,level,tags
 #1: stderr all=off uptime,level,tags

Environment Variables:
JAVA_HOME=C:\Program Files\Microsoft\jdk-11.0.20.8-hotspot\
PATH=C:\Program Files\Common Files\Oracle\Java\javapath;C:\Program Files\Java\jdk-17\bin;C:\Python311\Scripts\;C:\Python311\;C:\Windows\system32;C:\Windows;C:\Windows\System32\Wbem;C:\Windows\System32\WindowsPowerShell\v1.0\;C:\Windows\System32\OpenSSH\;C:\Program Files (x86)\NVIDIA Corporation\PhysX\Common;C:\Program Files\NVIDIA Corporation\NVIDIA NvDLISR;C:\Program Files\dotnet\;C:\Program Files\Azure Data Studio\bin;C:\ProgramData\chocolatey\bin;C:\Program Files\nodejs\;C:\Program Files\Git\cmd;C:\Program Files\Git\mingw64\bin;C:\Program Files\Git\usr\bin;C:\Users\supri\AppData\Local\Programs\Python\Python310\Scripts\;C:\Users\supri\AppData\Local\Programs\Python\Python310\;C:\Users\supri\AppData\Local\Microsoft\WindowsApps;C:\Users\supri\AppData\Local\Programs\Microsoft VS Code\bin;C:\Program Files\Azure Data Studio\bin;C:\src\flutter\bin;C:\Program Files\nodejs;C:\Users\supri\AppData\Local\Android\Sdk\platforms;C:\Users\supri\AppData\Local\Android\Sdk\emulator;C:\Users\supri\AppData\Local\Android\Sdk\tools;C:\Users\supri\AppData\Local\Android\Sdk\platform-tools;C:\Users\supri\AppData\Local\Android\Sdk;C:\Users\supri\AppData\Roaming\npm;C:\Program Files\Microsoft\jdk-11.0.20.8-hotspot;
USERNAME=supri
OS=Windows_NT
PROCESSOR_IDENTIFIER=AMD64 Family 25 Model 68 Stepping 1, AuthenticAMD
TMP=C:\Users\supri\AppData\Local\Temp
TEMP=C:\Users\supri\AppData\Local\Temp



---------------  S Y S T E M  ---------------

OS: Windows 11 , 64 bit Build 22621 (10.0.22621.2506)
OS uptime: 4 days 4:35 hours
Hyper-V role detected

CPU:total 16 (initial active 16) (16 cores per cpu, 2 threads per core) family 25 model 68 stepping 1 microcode 0x0, cmov, cx8, fxsr, mmx, sse, sse2, sse3, ssse3, sse4.1, sse4.2, popcnt, avx, avx2, aes, clmul, mmxext, 3dnowpref, lzcnt, sse4a, ht, tsc, tscinvbit, tscinv, bmi1, bmi2, adx, sha, fma

Memory: 4k page, system-wide physical 15613M (5518M free)
TotalPageFile size 62717M (AvailPageFile size 36M)
current process WorkingSet (physical memory assigned to process): 11M, peak: 11M
current process commit charge ("private bytes"): 71M, peak: 315M

vm_info: OpenJDK 64-Bit Server VM (11.0.20+8-LTS) for windows-amd64 JRE (11.0.20+8-LTS), built on Jul  7 2023 17:05:21 by "MicrosoftCorporation" with MS VC++ 15.9 (VS2017)

END.
